#
# There is insufficient memory for the Java Runtime Environment to continue.
# Native memory allocation (mmap) failed to map 95420416 bytes for committing reserved memory.
# Possible reasons:
#   The system is out of physical RAM or swap space
#   The process is running with CompressedOops enabled, and the Java Heap may be blocking the growth of the native heap
# Possible solutions:
#   Reduce memory load on the system
#   Increase physical memory or swap space
#   Check if swap backing store is full
#   Decrease Java heap size (-Xmx/-Xms)
#   Decrease number of Java threads
#   Decrease Java thread stack sizes (-Xss)
#   Set larger code cache with -XX:ReservedCodeCacheSize=
#   JVM is running with Zero Based Compressed Oops mode in which the Java heap is
#     placed in the first 32GB address space. The Java Heap base address is the
#     maximum limit for the native heap growth. Please use -XX:HeapBaseMinAddress
#     to set the Java Heap base and to place the Java Heap above 32GB virtual address.
# This output file may be truncated or incomplete.
#
#  Out of Memory Error (os_linux.cpp:2757), pid=4128, tid=0x00007f5467afa700
#
# JRE version: OpenJDK Runtime Environment (8.0_242-b08) (build 1.8.0_242-8u242-b08-0ubuntu3~16.04-b08)
# Java VM: OpenJDK 64-Bit Server VM (25.242-b08 mixed mode linux-amd64 compressed oops)
# Failed to write core dump. Core dumps have been disabled. To enable core dumping, try "ulimit -c unlimited" before starting Java again
#

---------------  T H R E A D  ---------------

Current thread (0x00007f547c079000):  VMThread [stack: 0x00007f54679fa000,0x00007f5467afb000] [id=4134]

Stack: [0x00007f54679fa000,0x00007f5467afb000],  sp=0x00007f5467af94b0,  free space=1021k
Native frames: (J=compiled Java code, j=interpreted, Vv=VM code, C=native code)
V  [libjvm.so+0xa7ad8b]
V  [libjvm.so+0x4ccbcc]
V  [libjvm.so+0x8c8a28]
V  [libjvm.so+0x8c006e]
V  [libjvm.so+0x93ddb6]
V  [libjvm.so+0x93f0e3]
V  [libjvm.so+0x93b7c4]
V  [libjvm.so+0x93ba5c]
V  [libjvm.so+0x8ed723]
V  [libjvm.so+0xa7cac2]
V  [libjvm.so+0xa81b57]
V  [libjvm.so+0xa7f3b7]
V  [libjvm.so+0xa8069f]
V  [libjvm.so+0xa80bc2]
V  [libjvm.so+0x8c5d82]

VM_Operation (0x00007f54660c46c0): ParallelGCFailedAllocation, mode: safepoint, requested by thread 0x00007f5424005000


---------------  P R O C E S S  ---------------

Java Threads: ( => current thread )
  0x00007f5424005000 JavaThread "pool-1-thread-2" [_thread_blocked, id=4147, stack(0x00007f5465fc6000,0x00007f54660c7000)]
  0x00007f5424003800 JavaThread "pool-1-thread-1" [_thread_blocked, id=4145, stack(0x00007f54660c7000,0x00007f54661c8000)]
  0x00007f547c00b800 JavaThread "DestroyJavaVM" [_thread_blocked, id=4129, stack(0x00007f5485935000,0x00007f5485a36000)]
  0x00007f547c395000 JavaThread "Thread-3" [_thread_blocked, id=4144, stack(0x00007f54661c8000,0x00007f54662c9000)]
  0x00007f547c38f000 JavaThread "server-timer" daemon [_thread_blocked, id=4143, stack(0x00007f54662c9000,0x00007f54663ca000)]
  0x00007f547c0ca800 JavaThread "Service Thread" daemon [_thread_blocked, id=4141, stack(0x00007f5466934000,0x00007f5466a35000)]
  0x00007f547c0bf000 JavaThread "C1 CompilerThread2" daemon [_thread_blocked, id=4140, stack(0x00007f5466a35000,0x00007f5466b36000)]
  0x00007f547c0bd800 JavaThread "C2 CompilerThread1" daemon [_thread_blocked, id=4139, stack(0x00007f5466b36000,0x00007f5466c37000)]
  0x00007f547c0ba800 JavaThread "C2 CompilerThread0" daemon [_thread_blocked, id=4138, stack(0x00007f5466c37000,0x00007f5466d38000)]
  0x00007f547c0b9000 JavaThread "Signal Dispatcher" daemon [_thread_blocked, id=4137, stack(0x00007f5466d38000,0x00007f5466e39000)]
  0x00007f547c087800 JavaThread "Finalizer" daemon [_thread_blocked, id=4136, stack(0x00007f54677f8000,0x00007f54678f9000)]
  0x00007f547c083000 JavaThread "Reference Handler" daemon [_thread_blocked, id=4135, stack(0x00007f54678f9000,0x00007f54679fa000)]

Other Threads:
=>0x00007f547c079000 VMThread [stack: 0x00007f54679fa000,0x00007f5467afb000] [id=4134]
  0x00007f547c0cd000 WatcherThread [stack: 0x00007f5466833000,0x00007f5466934000] [id=4142]

VM state:at safepoint (normal execution)

VM Mutex/Monitor currently owned by a thread:  ([mutex/lock_event])
[0x00007f547c007fc0] Threads_lock - owner thread: 0x00007f547c079000
[0x00007f547c0084c0] Heap_lock - owner thread: 0x00007f5424005000

heap address: 0x00000006c0000000, size: 4096 MB, Compressed Oops mode: Zero based, Oop shift amount: 3
Narrow klass base: 0x0000000000000000, Narrow klass shift: 3
Compressed class space size: 1073741824 Address: 0x00000007c0000000

Heap:
 PSYoungGen      total 358400K, used 249839K [0x000000076ab00000, 0x0000000791700000, 0x00000007c0000000)
  eden space 108544K, 0% used [0x000000076ab00000,0x000000076ab00000,0x0000000771500000)
  from space 249856K, 99% used [0x0000000782300000,0x00000007916fbcc0,0x0000000791700000)
  to   space 189440K, 0% used [0x0000000771500000,0x0000000771500000,0x000000077ce00000)
 ParOldGen       total 658944K, used 501307K [0x00000006c0000000, 0x00000006e8380000, 0x000000076ab00000)
  object space 658944K, 76% used [0x00000006c0000000,0x00000006de98ee30,0x00000006e8380000)
 Metaspace       used 10286K, capacity 10552K, committed 10752K, reserved 1058816K
  class space    used 1126K, capacity 1244K, committed 1280K, reserved 1048576K

Card table byte_map: [0x00007f54817d8000,0x00007f5481fd9000] byte_map_base: 0x00007f547e1d8000

Marking Bits: (ParMarkBitMap*) 0x00007f5484c005c0
 Begin Bits: [0x00007f5448000000, 0x00007f544c000000)
 End Bits:   [0x00007f544c000000, 0x00007f5450000000)

Polling page: 0x00007f5485a54000

CodeCache: size=245760Kb used=4734Kb max_used=4736Kb free=241025Kb
 bounds [0x00007f546d000000, 0x00007f546d4b0000, 0x00007f547c000000]
 total_blobs=1459 nmethods=1108 adapters=266
 compilation: enabled

Compilation events (10 events):
Event: 10,605 Thread 0x00007f547c0bf000 1104       3       java.lang.Integer::hashCode (8 bytes)
Event: 10,606 Thread 0x00007f547c0bf000 nmethod 1104 0x00007f546d497350 code [0x00007f546d4974c0, 0x00007f546d497670]
Event: 10,606 Thread 0x00007f547c0bf000 1105       3       java.lang.Integer::hashCode (2 bytes)
Event: 10,606 Thread 0x00007f547c0bf000 nmethod 1105 0x00007f546d497050 code [0x00007f546d4971a0, 0x00007f546d4972d0]
Event: 10,607 Thread 0x00007f547c0bd800 1106       4       java.lang.Integer::hashCode (8 bytes)
Event: 10,607 Thread 0x00007f547c0bd800 nmethod 1106 0x00007f546d428e90 code [0x00007f546d428fe0, 0x00007f546d429038]
Event: 10,620 Thread 0x00007f547c0bf000 1107 %     3       edu.stanford.nlp.parser.nndep.Classifier::<init> @ 62 (167 bytes)
Event: 10,621 Thread 0x00007f547c0bf000 nmethod 1107% 0x00007f546d4957d0 code [0x00007f546d495a20, 0x00007f546d4967f8]
Event: 10,621 Thread 0x00007f547c0bf000 1108       3       edu.stanford.nlp.parser.nndep.Classifier::<init> (167 bytes)
Event: 10,622 Thread 0x00007f547c0bf000 nmethod 1108 0x00007f546d47bfd0 code [0x00007f546d47c220, 0x00007f546d47ceb8]

GC Heap History (10 events):
Event: 23,618 GC heap after
Heap after GC invocations=23 (full 4):
 PSYoungGen      total 227840K, used 112126K [0x000000076ab00000, 0x0000000786580000, 0x00000007c0000000)
  eden space 115712K, 0% used [0x000000076ab00000,0x000000076ab00000,0x0000000771c00000)
  from space 112128K, 99% used [0x0000000771c00000,0x000000077897f808,0x0000000778980000)
  to   space 155136K, 0% used [0x000000077ce00000,0x000000077ce00000,0x0000000786580000)
 ParOldGen       total 358400K, used 305125K [0x00000006c0000000, 0x00000006d5e00000, 0x000000076ab00000)
  object space 358400K, 85% used [0x00000006c0000000,0x00000006d29f95f0,0x00000006d5e00000)
 Metaspace       used 10286K, capacity 10552K, committed 10752K, reserved 1058816K
  class space    used 1126K, capacity 1244K, committed 1280K, reserved 1048576K
}
Event: 23,618 GC heap before
{Heap before GC invocations=24 (full 5):
 PSYoungGen      total 227840K, used 112126K [0x000000076ab00000, 0x0000000786580000, 0x00000007c0000000)
  eden space 115712K, 0% used [0x000000076ab00000,0x000000076ab00000,0x0000000771c00000)
  from space 112128K, 99% used [0x0000000771c00000,0x000000077897f808,0x0000000778980000)
  to   space 155136K, 0% used [0x000000077ce00000,0x000000077ce00000,0x0000000786580000)
 ParOldGen       total 358400K, used 305125K [0x00000006c0000000, 0x00000006d5e00000, 0x000000076ab00000)
  object space 358400K, 85% used [0x00000006c0000000,0x00000006d29f95f0,0x00000006d5e00000)
 Metaspace       used 10286K, capacity 10552K, committed 10752K, reserved 1058816K
  class space    used 1126K, capacity 1244K, committed 1280K, reserved 1048576K
Event: 25,192 GC heap after
Heap after GC invocations=24 (full 5):
 PSYoungGen      total 227840K, used 56882K [0x000000076ab00000, 0x0000000786580000, 0x00000007c0000000)
  eden space 115712K, 0% used [0x000000076ab00000,0x000000076ab00000,0x0000000771c00000)
  from space 112128K, 50% used [0x0000000771c00000,0x000000077538ca40,0x0000000778980000)
  to   space 155136K, 0% used [0x000000077ce00000,0x000000077ce00000,0x0000000786580000)
 ParOldGen       total 499200K, used 357900K [0x00000006c0000000, 0x00000006de780000, 0x000000076ab00000)
  object space 499200K, 71% used [0x00000006c0000000,0x00000006d5d833c8,0x00000006de780000)
 Metaspace       used 10286K, capacity 10552K, committed 10752K, reserved 1058816K
  class space    used 1126K, capacity 1244K, committed 1280K, reserved 1048576K
}
Event: 25,219 GC heap before
{Heap before GC invocations=25 (full 5):
 PSYoungGen      total 227840K, used 172594K [0x000000076ab00000, 0x0000000786580000, 0x00000007c0000000)
  eden space 115712K, 100% used [0x000000076ab00000,0x0000000771c00000,0x0000000771c00000)
  from space 112128K, 50% used [0x0000000771c00000,0x000000077538ca40,0x0000000778980000)
  to   space 155136K, 0% used [0x000000077ce00000,0x000000077ce00000,0x0000000786580000)
 ParOldGen       total 499200K, used 357900K [0x00000006c0000000, 0x00000006de780000, 0x000000076ab00000)
  object space 499200K, 71% used [0x00000006c0000000,0x00000006d5d833c8,0x00000006de780000)
 Metaspace       used 10286K, capacity 10552K, committed 10752K, reserved 1058816K
  class space    used 1126K, capacity 1244K, committed 1280K, reserved 1048576K
Event: 35,032 GC heap after
Heap after GC invocations=25 (full 5):
 PSYoungGen      total 263680K, used 155127K [0x000000076ab00000, 0x000000078a800000, 0x00000007c0000000)
  eden space 108544K, 0% used [0x000000076ab00000,0x000000076ab00000,0x0000000771500000)
  from space 155136K, 99% used [0x000000077ce00000,0x000000078657de60,0x0000000786580000)
  to   space 189440K, 0% used [0x0000000771500000,0x0000000771500000,0x000000077ce00000)
 ParOldGen       total 499200K, used 378339K [0x00000006c0000000, 0x00000006de780000, 0x000000076ab00000)
  object space 499200K, 75% used [0x00000006c0000000,0x00000006d7178f88,0x00000006de780000)
 Metaspace       used 10286K, capacity 10552K, committed 10752K, reserved 1058816K
  class space    used 1126K, capacity 1244K, committed 1280K, reserved 1048576K
}
Event: 35,379 GC heap before
{Heap before GC invocations=26 (full 5):
 PSYoungGen      total 263680K, used 263671K [0x000000076ab00000, 0x000000078a800000, 0x00000007c0000000)
  eden space 108544K, 100% used [0x000000076ab00000,0x0000000771500000,0x0000000771500000)
  from space 155136K, 99% used [0x000000077ce00000,0x000000078657de60,0x0000000786580000)
  to   space 189440K, 0% used [0x0000000771500000,0x0000000771500000,0x000000077ce00000)
 ParOldGen       total 499200K, used 378339K [0x00000006c0000000, 0x00000006de780000, 0x000000076ab00000)
  object space 499200K, 75% used [0x00000006c0000000,0x00000006d7178f88,0x00000006de780000)
 Metaspace       used 10286K, capacity 10552K, committed 10752K, reserved 1058816K
  class space    used 1126K, capacity 1244K, committed 1280K, reserved 1048576K
Event: 36,935 GC heap after
Heap after GC invocations=26 (full 5):
 PSYoungGen      total 297984K, used 189423K [0x000000076ab00000, 0x0000000791700000, 0x00000007c0000000)
  eden space 108544K, 0% used [0x000000076ab00000,0x000000076ab00000,0x0000000771500000)
  from space 189440K, 99% used [0x0000000771500000,0x000000077cdfbcc0,0x000000077ce00000)
  to   space 249856K, 0% used [0x0000000782300000,0x0000000782300000,0x0000000791700000)
 ParOldGen       total 499200K, used 452069K [0x00000006c0000000, 0x00000006de780000, 0x000000076ab00000)
  object space 499200K, 90% used [0x00000006c0000000,0x00000006db979588,0x00000006de780000)
 Metaspace       used 10286K, capacity 10552K, committed 10752K, reserved 1058816K
  class space    used 1126K, capacity 1244K, committed 1280K, reserved 1048576K
}
Event: 36,935 GC heap before
{Heap before GC invocations=27 (full 6):
 PSYoungGen      total 297984K, used 189423K [0x000000076ab00000, 0x0000000791700000, 0x00000007c0000000)
  eden space 108544K, 0% used [0x000000076ab00000,0x000000076ab00000,0x0000000771500000)
  from space 189440K, 99% used [0x0000000771500000,0x000000077cdfbcc0,0x000000077ce00000)
  to   space 249856K, 0% used [0x0000000782300000,0x0000000782300000,0x0000000791700000)
 ParOldGen       total 499200K, used 452069K [0x00000006c0000000, 0x00000006de780000, 0x000000076ab00000)
  object space 499200K, 90% used [0x00000006c0000000,0x00000006db979588,0x00000006de780000)
 Metaspace       used 10286K, capacity 10552K, committed 10752K, reserved 1058816K
  class space    used 1126K, capacity 1244K, committed 1280K, reserved 1048576K
Event: 39,057 GC heap after
Heap after GC invocations=27 (full 6):
 PSYoungGen      total 297984K, used 138353K [0x000000076ab00000, 0x0000000791700000, 0x00000007c0000000)
  eden space 108544K, 0% used [0x000000076ab00000,0x000000076ab00000,0x0000000771500000)
  from space 189440K, 73% used [0x0000000771500000,0x0000000779c1c618,0x000000077ce00000)
  to   space 249856K, 0% used [0x0000000782300000,0x0000000782300000,0x0000000791700000)
 ParOldGen       total 658944K, used 498880K [0x00000006c0000000, 0x00000006e8380000, 0x000000076ab00000)
  object space 658944K, 75% used [0x00000006c0000000,0x00000006de730350,0x00000006e8380000)
 Metaspace       used 10286K, capacity 10552K, committed 10752K, reserved 1058816K
  class space    used 1126K, capacity 1244K, committed 1280K, reserved 1048576K
}
Event: 39,081 GC heap before
{Heap before GC invocations=28 (full 6):
 PSYoungGen      total 297984K, used 246897K [0x000000076ab00000, 0x0000000791700000, 0x00000007c0000000)
  eden space 108544K, 100% used [0x000000076ab00000,0x0000000771500000,0x0000000771500000)
  from space 189440K, 73% used [0x0000000771500000,0x0000000779c1c618,0x000000077ce00000)
  to   space 249856K, 0% used [0x0000000782300000,0x0000000782300000,0x0000000791700000)
 ParOldGen       total 658944K, used 498880K [0x00000006c0000000, 0x00000006e8380000, 0x000000076ab00000)
  object space 658944K, 75% used [0x00000006c0000000,0x00000006de730350,0x00000006e8380000)
 Metaspace       used 10286K, capacity 10552K, committed 10752K, reserved 1058816K
  class space    used 1126K, capacity 1244K, committed 1280K, reserved 1048576K

Deoptimization events (10 events):
Event: 7,620 Thread 0x00007f5424005000 Uncommon trap: reason=bimorphic action=maybe_recompile pc=0x00007f546d285b18 method=java.io.BufferedInputStream.read([BII)I @ 101
Event: 7,653 Thread 0x00007f5424005000 Uncommon trap: reason=unstable_if action=reinterpret pc=0x00007f546d3cdf0c method=sun.misc.FloatingDecimal.readJavaFormatString(Ljava/lang/String;)Lsun/misc/FloatingDecimal$ASCIIToBinaryConverter; @ 235
Event: 8,828 Thread 0x00007f5424005000 Uncommon trap: reason=unstable_if action=reinterpret pc=0x00007f546d2c4f50 method=java.lang.AbstractStringBuilder.append([CII)Ljava/lang/AbstractStringBuilder; @ 1
Event: 9,023 Thread 0x00007f5424005000 Uncommon trap: reason=unstable_if action=reinterpret pc=0x00007f546d3d7134 method=sun.nio.cs.UTF_8$Decoder.decodeArrayLoop(Ljava/nio/ByteBuffer;Ljava/nio/CharBuffer;)Ljava/nio/charset/CoderResult; @ 84
Event: 9,210 Thread 0x00007f5424005000 Uncommon trap: reason=unstable_if action=reinterpret pc=0x00007f546d41f4f8 method=edu.stanford.nlp.parser.nndep.DependencyParser.loadModelFile(Ljava/lang/String;Z)V @ 444
Event: 10,193 Thread 0x00007f5424005000 Uncommon trap: reason=unstable_if action=reinterpret pc=0x00007f546d449a4c method=edu.stanford.nlp.parser.nndep.DependencyParser.loadModelFile(Ljava/lang/String;Z)V @ 722
Event: 10,346 Thread 0x00007f5424005000 Uncommon trap: reason=unstable_if action=reinterpret pc=0x00007f546d429de4 method=java.util.zip.GZIPInputStream.read([BII)I @ 25
Event: 10,545 Thread 0x00007f5424005000 Uncommon trap: reason=unstable_if action=reinterpret pc=0x00007f546d42d43c method=java.io.BufferedInputStream.fill()V @ 219
Event: 10,545 Thread 0x00007f5424005000 Uncommon trap: reason=unstable_if action=reinterpret pc=0x00007f546d4142d0 method=java.io.BufferedInputStream.read([BII)I @ 56
Event: 10,546 Thread 0x00007f5424005000 Uncommon trap: reason=unstable_if action=reinterpret pc=0x00007f546d4a0a9c method=java.util.zip.InflaterInputStream.available()I @ 8

Classes redefined (0 events):
No events

Internal exceptions (10 events):
Event: 0,488 Thread 0x00007f547c00b800 Exception <a 'java/security/PrivilegedActionException'> (0x000000076ac66dc8) thrown at [/build/openjdk-8-Wut_v1/openjdk-8-8u242-b08/src/hotspot/src/share/vm/prims/jvm.cpp, line 1502]
Event: 0,918 Thread 0x00007f547c00b800 Exception <a 'java/lang/NoSuchFieldError': method resolution failed> (0x000000076ae1d0f0) thrown at [/build/openjdk-8-Wut_v1/openjdk-8-8u242-b08/src/hotspot/src/share/vm/prims/methodHandles.cpp, line 1167]
Event: 0,921 Thread 0x00007f547c00b800 Exception <a 'java/lang/NoSuchFieldError': method resolution failed> (0x000000076ae2a580) thrown at [/build/openjdk-8-Wut_v1/openjdk-8-8u242-b08/src/hotspot/src/share/vm/prims/methodHandles.cpp, line 1167]
Event: 1,168 Thread 0x00007f547c00b800 Exception <a 'java/security/PrivilegedActionException'> (0x000000076afc15e8) thrown at [/build/openjdk-8-Wut_v1/openjdk-8-8u242-b08/src/hotspot/src/share/vm/prims/jvm.cpp, line 1502]
Event: 1,168 Thread 0x00007f547c00b800 Exception <a 'java/security/PrivilegedActionException'> (0x000000076afc17f8) thrown at [/build/openjdk-8-Wut_v1/openjdk-8-8u242-b08/src/hotspot/src/share/vm/prims/jvm.cpp, line 1502]
Event: 1,168 Thread 0x00007f547c00b800 Exception <a 'java/security/PrivilegedActionException'> (0x000000076afc3a68) thrown at [/build/openjdk-8-Wut_v1/openjdk-8-8u242-b08/src/hotspot/src/share/vm/prims/jvm.cpp, line 1502]
Event: 1,168 Thread 0x00007f547c00b800 Exception <a 'java/security/PrivilegedActionException'> (0x000000076afc3c78) thrown at [/build/openjdk-8-Wut_v1/openjdk-8-8u242-b08/src/hotspot/src/share/vm/prims/jvm.cpp, line 1502]
Event: 1,168 Thread 0x00007f547c00b800 Exception <a 'java/security/PrivilegedActionException'> (0x000000076afc4938) thrown at [/build/openjdk-8-Wut_v1/openjdk-8-8u242-b08/src/hotspot/src/share/vm/prims/jvm.cpp, line 1502]
Event: 1,168 Thread 0x00007f547c00b800 Exception <a 'java/security/PrivilegedActionException'> (0x000000076afc4b48) thrown at [/build/openjdk-8-Wut_v1/openjdk-8-8u242-b08/src/hotspot/src/share/vm/prims/jvm.cpp, line 1502]
Event: 5,055 Thread 0x00007f5424005000 Exception <a 'java/lang/IncompatibleClassChangeError': Found class java.lang.Object, but interface was expected> (0x000000076ab20218) thrown at [/build/openjdk-8-Wut_v1/openjdk-8-8u242-b08/src/hotspot/src/share/vm/interpreter/linkResolver.cpp, line 653]

Events (10 events):
Event: 10,546 loading class edu/stanford/nlp/parser/nndep/Classifier done
Event: 10,645 Executing VM operation: ParallelGCFailedAllocation
Event: 22,823 Executing VM operation: ParallelGCFailedAllocation done
Event: 22,823 Executing VM operation: RevokeBias
Event: 25,192 Executing VM operation: RevokeBias done
Event: 25,219 Executing VM operation: ParallelGCFailedAllocation
Event: 35,333 Executing VM operation: ParallelGCFailedAllocation done
Event: 35,379 Executing VM operation: ParallelGCFailedAllocation
Event: 39,057 Executing VM operation: ParallelGCFailedAllocation done
Event: 39,081 Executing VM operation: ParallelGCFailedAllocation


Dynamic libraries:
00400000-00401000 r-xp 00000000 08:01 2757838                            /usr/lib/jvm/java-8-openjdk-amd64/jre/bin/java
00600000-00601000 r--p 00000000 08:01 2757838                            /usr/lib/jvm/java-8-openjdk-amd64/jre/bin/java
00601000-00602000 rw-p 00001000 08:01 2757838                            /usr/lib/jvm/java-8-openjdk-amd64/jre/bin/java
01be9000-01c0a000 rw-p 00000000 00:00 0                                  [heap]
6c0000000-6e8380000 rw-p 00000000 00:00 0 
6e8380000-76ab00000 ---p 00000000 00:00 0 
76ab00000-791700000 rw-p 00000000 00:00 0 
797200000-7c0000000 ---p 00000000 00:00 0 
7c0000000-7c0140000 rw-p 00000000 00:00 0 
7c0140000-800000000 ---p 00000000 00:00 0 
7f5418000000-7f5418021000 rw-p 00000000 00:00 0 
7f5418021000-7f541c000000 ---p 00000000 00:00 0 
7f541c000000-7f541c17f000 rw-p 00000000 00:00 0 
7f541c17f000-7f5420000000 ---p 00000000 00:00 0 
7f5420000000-7f5420021000 rw-p 00000000 00:00 0 
7f5420021000-7f5424000000 ---p 00000000 00:00 0 
7f5424000000-7f5424021000 rw-p 00000000 00:00 0 
7f5424021000-7f5428000000 ---p 00000000 00:00 0 
7f5428000000-7f5428021000 rw-p 00000000 00:00 0 
7f5428021000-7f542c000000 ---p 00000000 00:00 0 
7f542c000000-7f542c021000 rw-p 00000000 00:00 0 
7f542c021000-7f5430000000 ---p 00000000 00:00 0 
7f5430000000-7f54305ed000 rw-p 00000000 00:00 0 
7f54305ed000-7f5434000000 ---p 00000000 00:00 0 
7f5434000000-7f54343aa000 rw-p 00000000 00:00 0 
7f54343aa000-7f5438000000 ---p 00000000 00:00 0 
7f5438000000-7f5438021000 rw-p 00000000 00:00 0 
7f5438021000-7f543c000000 ---p 00000000 00:00 0 
7f543c000000-7f543c7ea000 rw-p 00000000 00:00 0 
7f543c7ea000-7f5440000000 ---p 00000000 00:00 0 
7f5440000000-7f5440021000 rw-p 00000000 00:00 0 
7f5440021000-7f5444000000 ---p 00000000 00:00 0 
7f5444000000-7f5444021000 rw-p 00000000 00:00 0 
7f5444021000-7f5448000000 ---p 00000000 00:00 0 
7f5448000000-7f5450000000 rw-p 00000000 00:00 0 
7f5450000000-7f5450093000 rw-p 00000000 00:00 0 
7f5450093000-7f5454000000 ---p 00000000 00:00 0 
7f5454000000-7f5454021000 rw-p 00000000 00:00 0 
7f5454021000-7f5458000000 ---p 00000000 00:00 0 
7f5458000000-7f5458055000 rw-p 00000000 00:00 0 
7f5458055000-7f545c000000 ---p 00000000 00:00 0 
7f545cfff000-7f5460000000 rw-p 00000000 00:00 0 
7f5460000000-7f5460021000 rw-p 00000000 00:00 0 
7f5460021000-7f5464000000 ---p 00000000 00:00 0 
7f5465dc6000-7f5465f06000 rw-p 00000000 00:00 0 
7f5465f06000-7f5465fc6000 ---p 00000000 00:00 0 
7f5465fc6000-7f5465fc9000 ---p 00000000 00:00 0 
7f5465fc9000-7f54660c7000 rw-p 00000000 00:00 0 
7f54660c7000-7f54660ca000 ---p 00000000 00:00 0 
7f54660ca000-7f54661c8000 rw-p 00000000 00:00 0 
7f54661c8000-7f54661cb000 ---p 00000000 00:00 0 
7f54661cb000-7f54662c9000 rw-p 00000000 00:00 0 
7f54662c9000-7f54662cc000 ---p 00000000 00:00 0 
7f54662cc000-7f54663ca000 rw-p 00000000 00:00 0 
7f54663ca000-7f54663d9000 r--s 0013a000 08:01 23856281                   /home/ruta/master-thesis/tools/stanford-corenlp-full-2018-10-05/protobuf.jar
7f54663d9000-7f54663e0000 r--s 00046000 08:01 23856389                   /home/ruta/master-thesis/tools/stanford-corenlp-full-2018-10-05/xom.jar
7f54663e0000-7f54663e6000 r--s 159bf000 08:01 23856377                   /home/ruta/master-thesis/tools/stanford-corenlp-full-2018-10-05/stanford-corenlp-3.9.2-models.jar
7f54663e6000-7f5466408000 r--s 004fe000 08:01 23856391                   /home/ruta/master-thesis/tools/stanford-corenlp-full-2018-10-05/stanford-corenlp-3.9.2-sources.jar
7f5466408000-7f546641f000 r-xp 00000000 08:01 2757906                    /usr/lib/jvm/java-8-openjdk-amd64/jre/lib/amd64/libnet.so
7f546641f000-7f546661e000 ---p 00017000 08:01 2757906                    /usr/lib/jvm/java-8-openjdk-amd64/jre/lib/amd64/libnet.so
7f546661e000-7f546661f000 r--p 00016000 08:01 2757906                    /usr/lib/jvm/java-8-openjdk-amd64/jre/lib/amd64/libnet.so
7f546661f000-7f5466620000 rw-p 00017000 08:01 2757906                    /usr/lib/jvm/java-8-openjdk-amd64/jre/lib/amd64/libnet.so
7f5466620000-7f5466631000 r-xp 00000000 08:01 2757911                    /usr/lib/jvm/java-8-openjdk-amd64/jre/lib/amd64/libnio.so
7f5466631000-7f5466831000 ---p 00011000 08:01 2757911                    /usr/lib/jvm/java-8-openjdk-amd64/jre/lib/amd64/libnio.so
7f5466831000-7f5466832000 r--p 00011000 08:01 2757911                    /usr/lib/jvm/java-8-openjdk-amd64/jre/lib/amd64/libnio.so
7f5466832000-7f5466833000 rw-p 00012000 08:01 2757911                    /usr/lib/jvm/java-8-openjdk-amd64/jre/lib/amd64/libnio.so
7f5466833000-7f5466834000 ---p 00000000 00:00 0 
7f5466834000-7f5466934000 rw-p 00000000 00:00 0 
7f5466934000-7f5466937000 ---p 00000000 00:00 0 
7f5466937000-7f5466a35000 rw-p 00000000 00:00 0 
7f5466a35000-7f5466a38000 ---p 00000000 00:00 0 
7f5466a38000-7f5466b36000 rw-p 00000000 00:00 0 
7f5466b36000-7f5466b39000 ---p 00000000 00:00 0 
7f5466b39000-7f5466c37000 rw-p 00000000 00:00 0 
7f5466c37000-7f5466c3a000 ---p 00000000 00:00 0 
7f5466c3a000-7f5466d38000 rw-p 00000000 00:00 0 
7f5466d38000-7f5466d3b000 ---p 00000000 00:00 0 
7f5466d3b000-7f5466e39000 rw-p 00000000 00:00 0 
7f5466e39000-7f54677f8000 r--p 00000000 08:01 2628402                    /usr/lib/locale/locale-archive
7f54677f8000-7f54677fb000 ---p 00000000 00:00 0 
7f54677fb000-7f54678f9000 rw-p 00000000 00:00 0 
7f54678f9000-7f54678fc000 ---p 00000000 00:00 0 
7f54678fc000-7f54679fa000 rw-p 00000000 00:00 0 
7f54679fa000-7f54679fb000 ---p 00000000 00:00 0 
7f54679fb000-7f5468000000 rw-p 00000000 00:00 0 
7f5468000000-7f54680ed000 rw-p 00000000 00:00 0 
7f54680ed000-7f546c000000 ---p 00000000 00:00 0 
7f546c001000-7f546c006000 r--s 0002c000 08:01 23856402                   /home/ruta/master-thesis/tools/stanford-corenlp-full-2018-10-05/jollyday-0.4.9-sources.jar
7f546c006000-7f546c008000 r--s 0000c000 08:01 23856368                   /home/ruta/master-thesis/tools/stanford-corenlp-full-2018-10-05/javax.json-api-1.0-sources.jar
7f546c008000-7f546c00d000 r--s 0002f000 08:01 23856395                   /home/ruta/master-thesis/tools/stanford-corenlp-full-2018-10-05/ejml-0.23.jar
7f546c00d000-7f546c00e000 r--s 00002000 08:01 23856399                   /home/ruta/master-thesis/tools/stanford-corenlp-full-2018-10-05/slf4j-simple.jar
7f546c00e000-7f546c016000 r--s 0009d000 08:01 23856406                   /home/ruta/master-thesis/tools/stanford-corenlp-full-2018-10-05/xom-1.2.10-src.jar
7f546c016000-7f546c068000 r--s 00773000 08:01 23856358                   /home/ruta/master-thesis/tools/stanford-corenlp-full-2018-10-05/stanford-corenlp-3.9.2.jar
7f546c068000-7f546c06a000 r--s 0000c000 08:01 23856394                   /home/ruta/master-thesis/tools/stanford-corenlp-full-2018-10-05/javax.activation-api-1.2.0.jar
7f546c06a000-7f546c07f000 r--s 000f8000 08:01 23856375                   /home/ruta/master-thesis/tools/stanford-corenlp-full-2018-10-05/jaxb-impl-2.4.0-b180830.0438.jar
7f546c07f000-7f546c084000 r--s 00030000 08:01 23856398                   /home/ruta/master-thesis/tools/stanford-corenlp-full-2018-10-05/jollyday.jar
7f546c084000-7f546c0c5000 r--s 008fd000 08:01 23856388                   /home/ruta/master-thesis/tools/stanford-corenlp-full-2018-10-05/stanford-corenlp-3.9.2-javadoc.jar
7f546c0c5000-7f546c0d4000 r--s 00106000 08:01 23856280                   /home/ruta/master-thesis/tools/stanford-corenlp-full-2018-10-05/jaxb-impl-2.4.0-b180830.0438-sources.jar
7f546c0d4000-7f546c0d8000 r--s 0003f000 08:01 23856361                   /home/ruta/master-thesis/tools/stanford-corenlp-full-2018-10-05/jaxb-api-2.4.0-b180830.0359-sources.jar
7f546c0d8000-7f546c0de000 r--s 000b8000 08:01 23856403                   /home/ruta/master-thesis/tools/stanford-corenlp-full-2018-10-05/joda-time-2.9-sources.jar
7f546c0de000-7f546c0e1000 r--s 00012000 08:01 23856376                   /home/ruta/master-thesis/tools/stanford-corenlp-full-2018-10-05/javax.json.jar
7f546c0e1000-7f546c0e8000 r--s 00038000 08:01 23856366                   /home/ruta/master-thesis/tools/stanford-corenlp-full-2018-10-05/jaxb-core-2.3.0.1.jar
7f546c0e8000-7f546c0f9000 r--s 00089000 08:01 23856392                   /home/ruta/master-thesis/tools/stanford-corenlp-full-2018-10-05/joda-time.jar
7f546c0f9000-7f546d000000 rw-p 00000000 00:00 0 
7f546d000000-7f546d4b0000 rwxp 00000000 00:00 0 
7f546d4b0000-7f547c000000 ---p 00000000 00:00 0 
7f547c000000-7f547c398000 rw-p 00000000 00:00 0 
7f547c398000-7f5480000000 ---p 00000000 00:00 0 
7f5480000000-7f5480002000 r--s 00012000 08:01 23856400                   /home/ruta/master-thesis/tools/stanford-corenlp-full-2018-10-05/javax.activation-api-1.2.0-sources.jar
7f5480002000-7f5480008000 r--s 0004f000 08:01 23856404                   /home/ruta/master-thesis/tools/stanford-corenlp-full-2018-10-05/jaxb-core-2.3.0.1-sources.jar
7f5480008000-7f548000c000 r--s 0001c000 08:01 23856390                   /home/ruta/master-thesis/tools/stanford-corenlp-full-2018-10-05/jaxb-api-2.4.0-b180830.0359.jar
7f548000c000-7f5480027000 r--s 00394000 08:01 2757862                    /usr/lib/jvm/java-8-openjdk-amd64/jre/lib/ext/cldrdata.jar
7f5480027000-7f5480042000 r--s 001d6000 08:01 2757859                    /usr/lib/jvm/java-8-openjdk-amd64/jre/lib/ext/nashorn.jar
7f5480042000-7f5480438000 rw-p 00000000 00:00 0 
7f5480438000-7f5480608000 r--s 03c68000 08:01 2757915                    /usr/lib/jvm/java-8-openjdk-amd64/jre/lib/rt.jar
7f5480608000-7f5480e7e000 rw-p 00000000 00:00 0 
7f5480e7e000-7f5480e7f000 ---p 00000000 00:00 0 
7f5480e7f000-7f5480f7f000 rw-p 00000000 00:00 0 
7f5480f7f000-7f5480f80000 ---p 00000000 00:00 0 
7f5480f80000-7f5481080000 rw-p 00000000 00:00 0 
7f5481080000-7f5481081000 ---p 00000000 00:00 0 
7f5481081000-7f5481181000 rw-p 00000000 00:00 0 
7f5481181000-7f5481182000 ---p 00000000 00:00 0 
7f5481182000-7f54813c4000 rw-p 00000000 00:00 0 
7f54813c4000-7f54817d8000 ---p 00000000 00:00 0 
7f54817d8000-7f548191a000 rw-p 00000000 00:00 0 
7f548191a000-7f5481d2d000 ---p 00000000 00:00 0 
7f5481d2d000-7f5481e64000 rw-p 00000000 00:00 0 
7f5481e64000-7f5481fd8000 ---p 00000000 00:00 0 
7f5481fd8000-7f5481fec000 rw-p 00000000 00:00 0 
7f5481fec000-7f5482399000 ---p 00000000 00:00 0 
7f5482399000-7f54823a1000 r-xp 00000000 08:01 2757892                    /usr/lib/jvm/java-8-openjdk-amd64/jre/lib/amd64/libzip.so
7f54823a1000-7f54825a0000 ---p 00008000 08:01 2757892                    /usr/lib/jvm/java-8-openjdk-amd64/jre/lib/amd64/libzip.so
7f54825a0000-7f54825a1000 r--p 00007000 08:01 2757892                    /usr/lib/jvm/java-8-openjdk-amd64/jre/lib/amd64/libzip.so
7f54825a1000-7f54825a2000 rw-p 00008000 08:01 2757892                    /usr/lib/jvm/java-8-openjdk-amd64/jre/lib/amd64/libzip.so
7f54825a2000-7f54825ad000 r-xp 00000000 08:01 2233000                    /lib/x86_64-linux-gnu/libnss_files-2.23.so
7f54825ad000-7f54827ac000 ---p 0000b000 08:01 2233000                    /lib/x86_64-linux-gnu/libnss_files-2.23.so
7f54827ac000-7f54827ad000 r--p 0000a000 08:01 2233000                    /lib/x86_64-linux-gnu/libnss_files-2.23.so
7f54827ad000-7f54827ae000 rw-p 0000b000 08:01 2233000                    /lib/x86_64-linux-gnu/libnss_files-2.23.so
7f54827ae000-7f54827b4000 rw-p 00000000 00:00 0 
7f54827b4000-7f54827bf000 r-xp 00000000 08:01 2233010                    /lib/x86_64-linux-gnu/libnss_nis-2.23.so
7f54827bf000-7f54829be000 ---p 0000b000 08:01 2233010                    /lib/x86_64-linux-gnu/libnss_nis-2.23.so
7f54829be000-7f54829bf000 r--p 0000a000 08:01 2233010                    /lib/x86_64-linux-gnu/libnss_nis-2.23.so
7f54829bf000-7f54829c0000 rw-p 0000b000 08:01 2233010                    /lib/x86_64-linux-gnu/libnss_nis-2.23.so
7f54829c0000-7f54829d6000 r-xp 00000000 08:01 2232994                    /lib/x86_64-linux-gnu/libnsl-2.23.so
7f54829d6000-7f5482bd5000 ---p 00016000 08:01 2232994                    /lib/x86_64-linux-gnu/libnsl-2.23.so
7f5482bd5000-7f5482bd6000 r--p 00015000 08:01 2232994                    /lib/x86_64-linux-gnu/libnsl-2.23.so
7f5482bd6000-7f5482bd7000 rw-p 00016000 08:01 2232994                    /lib/x86_64-linux-gnu/libnsl-2.23.so
7f5482bd7000-7f5482bd9000 rw-p 00000000 00:00 0 
7f5482bd9000-7f5482be1000 r-xp 00000000 08:01 2232996                    /lib/x86_64-linux-gnu/libnss_compat-2.23.so
7f5482be1000-7f5482de0000 ---p 00008000 08:01 2232996                    /lib/x86_64-linux-gnu/libnss_compat-2.23.so
7f5482de0000-7f5482de1000 r--p 00007000 08:01 2232996                    /lib/x86_64-linux-gnu/libnss_compat-2.23.so
7f5482de1000-7f5482de2000 rw-p 00008000 08:01 2232996                    /lib/x86_64-linux-gnu/libnss_compat-2.23.so
7f5482de2000-7f5482e0b000 r-xp 00000000 08:01 2757904                    /usr/lib/jvm/java-8-openjdk-amd64/jre/lib/amd64/libjava.so
7f5482e0b000-7f548300b000 ---p 00029000 08:01 2757904                    /usr/lib/jvm/java-8-openjdk-amd64/jre/lib/amd64/libjava.so
7f548300b000-7f548300c000 r--p 00029000 08:01 2757904                    /usr/lib/jvm/java-8-openjdk-amd64/jre/lib/amd64/libjava.so
7f548300c000-7f548300e000 rw-p 0002a000 08:01 2757904                    /usr/lib/jvm/java-8-openjdk-amd64/jre/lib/amd64/libjava.so
7f548300e000-7f548301d000 r-xp 00000000 08:01 2757888                    /usr/lib/jvm/java-8-openjdk-amd64/jre/lib/amd64/libverify.so
7f548301d000-7f548321c000 ---p 0000f000 08:01 2757888                    /usr/lib/jvm/java-8-openjdk-amd64/jre/lib/amd64/libverify.so
7f548321c000-7f548321e000 r--p 0000e000 08:01 2757888                    /usr/lib/jvm/java-8-openjdk-amd64/jre/lib/amd64/libverify.so
7f548321e000-7f548321f000 rw-p 00010000 08:01 2757888                    /usr/lib/jvm/java-8-openjdk-amd64/jre/lib/amd64/libverify.so
7f548321f000-7f5483226000 r-xp 00000000 08:01 2233055                    /lib/x86_64-linux-gnu/librt-2.23.so
7f5483226000-7f5483425000 ---p 00007000 08:01 2233055                    /lib/x86_64-linux-gnu/librt-2.23.so
7f5483425000-7f5483426000 r--p 00006000 08:01 2233055                    /lib/x86_64-linux-gnu/librt-2.23.so
7f5483426000-7f5483427000 rw-p 00007000 08:01 2233055                    /lib/x86_64-linux-gnu/librt-2.23.so
7f5483427000-7f548343d000 r-xp 00000000 08:01 2232939                    /lib/x86_64-linux-gnu/libgcc_s.so.1
7f548343d000-7f548363c000 ---p 00016000 08:01 2232939                    /lib/x86_64-linux-gnu/libgcc_s.so.1
7f548363c000-7f548363d000 rw-p 00015000 08:01 2232939                    /lib/x86_64-linux-gnu/libgcc_s.so.1
7f548363d000-7f5483745000 r-xp 00000000 08:01 2232971                    /lib/x86_64-linux-gnu/libm-2.23.so
7f5483745000-7f5483944000 ---p 00108000 08:01 2232971                    /lib/x86_64-linux-gnu/libm-2.23.so
7f5483944000-7f5483945000 r--p 00107000 08:01 2232971                    /lib/x86_64-linux-gnu/libm-2.23.so
7f5483945000-7f5483946000 rw-p 00108000 08:01 2232971                    /lib/x86_64-linux-gnu/libm-2.23.so
7f5483946000-7f5483ab8000 r-xp 00000000 08:01 2623490                    /usr/lib/x86_64-linux-gnu/libstdc++.so.6.0.21
7f5483ab8000-7f5483cb8000 ---p 00172000 08:01 2623490                    /usr/lib/x86_64-linux-gnu/libstdc++.so.6.0.21
7f5483cb8000-7f5483cc2000 r--p 00172000 08:01 2623490                    /usr/lib/x86_64-linux-gnu/libstdc++.so.6.0.21
7f5483cc2000-7f5483cc4000 rw-p 0017c000 08:01 2623490                    /usr/lib/x86_64-linux-gnu/libstdc++.so.6.0.21
7f5483cc4000-7f5483cc8000 rw-p 00000000 00:00 0 
7f5483cc8000-7f5484930000 r-xp 00000000 08:01 2757908                    /usr/lib/jvm/java-8-openjdk-amd64/jre/lib/amd64/server/libjvm.so
7f5484930000-7f5484b30000 ---p 00c68000 08:01 2757908                    /usr/lib/jvm/java-8-openjdk-amd64/jre/lib/amd64/server/libjvm.so
7f5484b30000-7f5484bc4000 r--p 00c68000 08:01 2757908                    /usr/lib/jvm/java-8-openjdk-amd64/jre/lib/amd64/server/libjvm.so
7f5484bc4000-7f5484bed000 rw-p 00cfc000 08:01 2757908                    /usr/lib/jvm/java-8-openjdk-amd64/jre/lib/amd64/server/libjvm.so
7f5484bed000-7f5484c1d000 rw-p 00000000 00:00 0 
7f5484c1d000-7f5484c35000 r-xp 00000000 08:01 2233047                    /lib/x86_64-linux-gnu/libpthread-2.23.so
7f5484c35000-7f5484e34000 ---p 00018000 08:01 2233047                    /lib/x86_64-linux-gnu/libpthread-2.23.so
7f5484e34000-7f5484e35000 r--p 00017000 08:01 2233047                    /lib/x86_64-linux-gnu/libpthread-2.23.so
7f5484e35000-7f5484e36000 rw-p 00018000 08:01 2233047                    /lib/x86_64-linux-gnu/libpthread-2.23.so
7f5484e36000-7f5484e3a000 rw-p 00000000 00:00 0 
7f5484e3a000-7f5484e3d000 r-xp 00000000 08:01 2232925                    /lib/x86_64-linux-gnu/libdl-2.23.so
7f5484e3d000-7f548503c000 ---p 00003000 08:01 2232925                    /lib/x86_64-linux-gnu/libdl-2.23.so
7f548503c000-7f548503d000 r--p 00002000 08:01 2232925                    /lib/x86_64-linux-gnu/libdl-2.23.so
7f548503d000-7f548503e000 rw-p 00003000 08:01 2232925                    /lib/x86_64-linux-gnu/libdl-2.23.so
7f548503e000-7f5485057000 r-xp 00000000 08:01 2232812                    /lib/x86_64-linux-gnu/libz.so.1.2.8
7f5485057000-7f5485256000 ---p 00019000 08:01 2232812                    /lib/x86_64-linux-gnu/libz.so.1.2.8
7f5485256000-7f5485257000 r--p 00018000 08:01 2232812                    /lib/x86_64-linux-gnu/libz.so.1.2.8
7f5485257000-7f5485258000 rw-p 00019000 08:01 2232812                    /lib/x86_64-linux-gnu/libz.so.1.2.8
7f5485258000-7f5485418000 r-xp 00000000 08:01 2232901                    /lib/x86_64-linux-gnu/libc-2.23.so
7f5485418000-7f5485618000 ---p 001c0000 08:01 2232901                    /lib/x86_64-linux-gnu/libc-2.23.so
7f5485618000-7f548561c000 r--p 001c0000 08:01 2232901                    /lib/x86_64-linux-gnu/libc-2.23.so
7f548561c000-7f548561e000 rw-p 001c4000 08:01 2232901                    /lib/x86_64-linux-gnu/libc-2.23.so
7f548561e000-7f5485622000 rw-p 00000000 00:00 0 
7f5485622000-7f548562f000 r-xp 00000000 08:01 2757896                    /usr/lib/jvm/java-8-openjdk-amd64/jre/lib/amd64/jli/libjli.so
7f548562f000-7f548582f000 ---p 0000d000 08:01 2757896                    /usr/lib/jvm/java-8-openjdk-amd64/jre/lib/amd64/jli/libjli.so
7f548582f000-7f5485830000 r--p 0000d000 08:01 2757896                    /usr/lib/jvm/java-8-openjdk-amd64/jre/lib/amd64/jli/libjli.so
7f5485830000-7f5485831000 rw-p 0000e000 08:01 2757896                    /usr/lib/jvm/java-8-openjdk-amd64/jre/lib/amd64/jli/libjli.so
7f5485831000-7f5485857000 r-xp 00000000 08:01 2232873                    /lib/x86_64-linux-gnu/ld-2.23.so
7f5485857000-7f5485858000 r--s 00007000 08:01 23856363                   /home/ruta/master-thesis/tools/stanford-corenlp-full-2018-10-05/slf4j-api.jar
7f5485858000-7f5485862000 r--s 00116000 08:01 2757861                    /usr/lib/jvm/java-8-openjdk-amd64/jre/lib/ext/localedata.jar
7f5485862000-7f5485935000 rw-p 00000000 00:00 0 
7f5485935000-7f5485938000 ---p 00000000 00:00 0 
7f5485938000-7f5485a3a000 rw-p 00000000 00:00 0 
7f5485a3a000-7f5485a3b000 r--s 0000a000 08:01 2757867                    /usr/lib/jvm/java-8-openjdk-amd64/jre/lib/ext/jaccess.jar
7f5485a3b000-7f5485a3c000 r--s 00010000 08:01 2757865                    /usr/lib/jvm/java-8-openjdk-amd64/jre/lib/ext/zipfs.jar
7f5485a3c000-7f5485a3f000 r--s 0000f000 08:01 2757868                    /usr/lib/jvm/java-8-openjdk-amd64/jre/lib/ext/icedtea-sound.jar
7f5485a3f000-7f5485a41000 r--s 00001000 08:01 2757864                    /usr/lib/jvm/java-8-openjdk-amd64/jre/lib/ext/dnsns.jar
7f5485a41000-7f5485a42000 r--s 0000d000 08:01 2757866                    /usr/lib/jvm/java-8-openjdk-amd64/jre/lib/ext/sunec.jar
7f5485a42000-7f5485a47000 r--s 0003d000 08:01 2757863                    /usr/lib/jvm/java-8-openjdk-amd64/jre/lib/ext/sunjce_provider.jar
7f5485a47000-7f5485a4b000 r--s 0003a000 08:01 2757860                    /usr/lib/jvm/java-8-openjdk-amd64/jre/lib/ext/sunpkcs11.jar
7f5485a4b000-7f5485a53000 rw-s 00000000 08:01 22939144                   /tmp/hsperfdata_ruta/4128
7f5485a53000-7f5485a54000 rw-p 00000000 00:00 0 
7f5485a54000-7f5485a55000 ---p 00000000 00:00 0 
7f5485a55000-7f5485a56000 rw-p 00000000 00:00 0 
7f5485a56000-7f5485a57000 r--p 00025000 08:01 2232873                    /lib/x86_64-linux-gnu/ld-2.23.so
7f5485a57000-7f5485a58000 rw-p 00026000 08:01 2232873                    /lib/x86_64-linux-gnu/ld-2.23.so
7f5485a58000-7f5485a59000 rw-p 00000000 00:00 0 
7ffcf8986000-7ffcf89a7000 rw-p 00000000 00:00 0                          [stack]
7ffcf89c2000-7ffcf89c5000 r--p 00000000 00:00 0                          [vvar]
7ffcf89c5000-7ffcf89c7000 r-xp 00000000 00:00 0                          [vdso]
ffffffffff600000-ffffffffff601000 r-xp 00000000 00:00 0                  [vsyscall]

VM Arguments:
jvm_args: -Xmx4g 
java_command: edu.stanford.nlp.pipeline.StanfordCoreNLPServer -port 9004
java_class_path (initial): /home/ruta/master-thesis/tools/stanford-corenlp-full-2018-10-05/slf4j-api.jar:/home/ruta/master-thesis/tools/stanford-corenlp-full-2018-10-05/jaxb-api-2.4.0-b180830.0359.jar:/home/ruta/master-thesis/tools/stanford-corenlp-full-2018-10-05/joda-time.jar:/home/ruta/master-thesis/tools/stanford-corenlp-full-2018-10-05/jaxb-core-2.3.0.1-sources.jar:/home/ruta/master-thesis/tools/stanford-corenlp-full-2018-10-05/jaxb-core-2.3.0.1.jar:/home/ruta/master-thesis/tools/stanford-corenlp-full-2018-10-05/javax.json.jar:/home/ruta/master-thesis/tools/stanford-corenlp-full-2018-10-05/joda-time-2.9-sources.jar:/home/ruta/master-thesis/tools/stanford-corenlp-full-2018-10-05/jaxb-api-2.4.0-b180830.0359-sources.jar:/home/ruta/master-thesis/tools/stanford-corenlp-full-2018-10-05/jaxb-impl-2.4.0-b180830.0438-sources.jar:/home/ruta/master-thesis/tools/stanford-corenlp-full-2018-10-05/stanford-corenlp-3.9.2-javadoc.jar:/home/ruta/master-thesis/tools/stanford-corenlp-full-2018-10-05/jollyday.jar:/home/ruta/master-thesis/tools/stanford-corenlp-full-2018-10-05/javax.activation-api-1.2.0-sources.jar:/home/ruta/master-thesis/tools/stanford-corenlp-full-2018-10-05/jaxb-impl-2.4.0-b180830.0438.jar:/home/ruta/master-thesis/tools/stanford-corenlp-full-2018-10-05/stanford-corenlp-3.9.2.jar:/home/ruta/master-thesis/tools/stanford-corenlp-full-2018-10-05/xom-1.2.10-src.jar:/home/ruta/master-thesis/tools/stanford-corenlp-full-2018-10-05/slf4j-simple.jar:/home/ruta/master-thesis/tools/stanford-corenlp-full-2018-10-05/javax.activation-api-1.2.0.jar:/home/ruta/master-thesis/tools/stanford-corenlp-full-2018-10-05/ejml-0.23.jar:/home/ruta/master-thesis/tools/stanford-corenlp-full-2018-10-05/javax.json-api-1.0-sources.jar:/home/ruta/master-thesis/tools/stanford-corenlp-full-2018-10-05/stanford-corenlp-3.9.2-sources.jar:/home/ruta/master-thesis/tools/stanford-corenlp-full-2018-10-05/jollyday-0.4.9-sources.jar:/home/ruta/master-thesis/tools/stanford-corenlp-full-2018-10-05/stanford
Launcher Type: SUN_STANDARD

Environment Variables:
PATH=/home/ruta/master-thesis/venv/bin:/home/ruta/bin:/home/ruta/.local/bin:/usr/local/sbin:/usr/local/bin:/usr/sbin:/usr/bin:/sbin:/bin:/usr/games:/usr/local/games:/snap/bin
SHELL=/bin/bash
DISPLAY=:0

Signal Handlers:
SIGSEGV: [libjvm.so+0xa7b8f0], sa_mask[0]=11111111011111111101111111111110, sa_flags=SA_RESTART|SA_SIGINFO
SIGBUS: [libjvm.so+0xa7b8f0], sa_mask[0]=11111111011111111101111111111110, sa_flags=SA_RESTART|SA_SIGINFO
SIGFPE: [libjvm.so+0x8c3a90], sa_mask[0]=11111111011111111101111111111110, sa_flags=SA_RESTART|SA_SIGINFO
SIGPIPE: [libjvm.so+0x8c3a90], sa_mask[0]=11111111011111111101111111111110, sa_flags=SA_RESTART|SA_SIGINFO
SIGXFSZ: [libjvm.so+0x8c3a90], sa_mask[0]=11111111011111111101111111111110, sa_flags=SA_RESTART|SA_SIGINFO
SIGILL: [libjvm.so+0x8c3a90], sa_mask[0]=11111111011111111101111111111110, sa_flags=SA_RESTART|SA_SIGINFO
SIGUSR1: SIG_DFL, sa_mask[0]=00000000000000000000000000000000, sa_flags=none
SIGUSR2: [libjvm.so+0x8c3940], sa_mask[0]=00000000000000000000000000000000, sa_flags=SA_RESTART|SA_SIGINFO
SIGHUP: [libjvm.so+0x8c3fd0], sa_mask[0]=11111111011111111101111111111110, sa_flags=SA_RESTART|SA_SIGINFO
SIGINT: [libjvm.so+0x8c3fd0], sa_mask[0]=11111111011111111101111111111110, sa_flags=SA_RESTART|SA_SIGINFO
SIGTERM: [libjvm.so+0x8c3fd0], sa_mask[0]=11111111011111111101111111111110, sa_flags=SA_RESTART|SA_SIGINFO
SIGQUIT: [libjvm.so+0x8c3fd0], sa_mask[0]=11111111011111111101111111111110, sa_flags=SA_RESTART|SA_SIGINFO


---------------  S Y S T E M  ---------------

OS:DISTRIB_ID=Ubuntu
DISTRIB_RELEASE=16.04
DISTRIB_CODENAME=xenial
DISTRIB_DESCRIPTION="Ubuntu 16.04.6 LTS"

uname:Linux 4.15.0-91-generic #92~16.04.1-Ubuntu SMP Fri Feb 28 14:57:22 UTC 2020 x86_64
libc:glibc 2.23 NPTL 2.23 
rlimit: STACK 8192k, CORE 0k, NPROC 15143, NOFILE 1048576, AS infinity
load average:5,88 2,35 1,44

/proc/meminfo:
MemTotal:        3937656 kB
MemFree:          101080 kB
MemAvailable:      20360 kB
Buffers:            1832 kB
Cached:           101212 kB
SwapCached:         5928 kB
Active:          3027088 kB
Inactive:         633132 kB
Active(anon):    3017216 kB
Inactive(anon):   604380 kB
Active(file):       9872 kB
Inactive(file):    28752 kB
Unevictable:          64 kB
Mlocked:              64 kB
SwapTotal:        998396 kB
SwapFree:           2732 kB
Dirty:                84 kB
Writeback:          3392 kB
AnonPages:       3552316 kB
Mapped:            57956 kB
Shmem:             64200 kB
Slab:              77960 kB
SReclaimable:      38316 kB
SUnreclaim:        39644 kB
KernelStack:       10624 kB
PageTables:        47572 kB
NFS_Unstable:          0 kB
Bounce:                0 kB
WritebackTmp:          0 kB
CommitLimit:     2967224 kB
Committed_AS:    9826920 kB
VmallocTotal:   34359738367 kB
VmallocUsed:           0 kB
VmallocChunk:          0 kB
HardwareCorrupted:     0 kB
AnonHugePages:         0 kB
ShmemHugePages:        0 kB
ShmemPmdMapped:        0 kB
CmaTotal:              0 kB
CmaFree:               0 kB
HugePages_Total:       0
HugePages_Free:        0
HugePages_Rsvd:        0
HugePages_Surp:        0
Hugepagesize:       2048 kB
DirectMap4k:      144632 kB
DirectMap2M:     3948544 kB

container (cgroup) information:
container_type: cgroupv1
cpu_cpuset_cpus: 0-3
cpu_memory_nodes: 0
active_processor_count: 4
cpu_quota: -1
cpu_period: 100000
cpu_shares: -1
memory_limit_in_bytes: -1
memory_and_swap_limit_in_bytes: -2
memory_soft_limit_in_bytes: -1
memory_usage_in_bytes: 3748847616
memory_max_usage_in_bytes: 0


CPU:total 4 (initial active 4) (2 cores per cpu, 2 threads per core) family 6 model 58 stepping 9, cmov, cx8, fxsr, mmx, sse, sse2, sse3, ssse3, sse4.1, sse4.2, popcnt, avx, clmul, erms, ht, tsc, tscinvbit, tscinv

/proc/cpuinfo:
processor	: 0
vendor_id	: GenuineIntel
cpu family	: 6
model		: 58
model name	: Intel(R) Core(TM) i3-3110M CPU @ 2.40GHz
stepping	: 9
microcode	: 0x21
cpu MHz		: 2041.999
cache size	: 3072 KB
physical id	: 0
siblings	: 4
core id		: 0
cpu cores	: 2
apicid		: 0
initial apicid	: 0
fpu		: yes
fpu_exception	: yes
cpuid level	: 13
wp		: yes
flags		: fpu vme de pse tsc msr pae mce cx8 apic sep mtrr pge mca cmov pat pse36 clflush dts acpi mmx fxsr sse sse2 ss ht tm pbe syscall nx rdtscp lm constant_tsc arch_perfmon pebs bts rep_good nopl xtopology nonstop_tsc cpuid aperfmperf pni pclmulqdq dtes64 monitor ds_cpl vmx est tm2 ssse3 cx16 xtpr pdcm pcid sse4_1 sse4_2 x2apic popcnt tsc_deadline_timer xsave avx f16c lahf_lm cpuid_fault epb pti ssbd ibrs ibpb stibp tpr_shadow vnmi flexpriority ept vpid fsgsbase smep erms xsaveopt dtherm arat pln pts md_clear flush_l1d
bugs		: cpu_meltdown spectre_v1 spectre_v2 spec_store_bypass l1tf mds swapgs itlb_multihit
bogomips	: 4789.02
clflush size	: 64
cache_alignment	: 64
address sizes	: 36 bits physical, 48 bits virtual
power management:

processor	: 1
vendor_id	: GenuineIntel
cpu family	: 6
model		: 58
model name	: Intel(R) Core(TM) i3-3110M CPU @ 2.40GHz
stepping	: 9
microcode	: 0x21
cpu MHz		: 1241.082
cache size	: 3072 KB
physical id	: 0
siblings	: 4
core id		: 0
cpu cores	: 2
apicid		: 1
initial apicid	: 1
fpu		: yes
fpu_exception	: yes
cpuid level	: 13
wp		: yes
flags		: fpu vme de pse tsc msr pae mce cx8 apic sep mtrr pge mca cmov pat pse36 clflush dts acpi mmx fxsr sse sse2 ss ht tm pbe syscall nx rdtscp lm constant_tsc arch_perfmon pebs bts rep_good nopl xtopology nonstop_tsc cpuid aperfmperf pni pclmulqdq dtes64 monitor ds_cpl vmx est tm2 ssse3 cx16 xtpr pdcm pcid sse4_1 sse4_2 x2apic popcnt tsc_deadline_timer xsave avx f16c lahf_lm cpuid_fault epb pti ssbd ibrs ibpb stibp tpr_shadow vnmi flexpriority ept vpid fsgsbase smep erms xsaveopt dtherm arat pln pts md_clear flush_l1d
bugs		: cpu_meltdown spectre_v1 spectre_v2 spec_store_bypass l1tf mds swapgs itlb_multihit
bogomips	: 4789.02
clflush size	: 64
cache_alignment	: 64
address sizes	: 36 bits physical, 48 bits virtual
power management:

processor	: 2
vendor_id	: GenuineIntel
cpu family	: 6
model		: 58
model name	: Intel(R) Core(TM) i3-3110M CPU @ 2.40GHz
stepping	: 9
microcode	: 0x21
cpu MHz		: 1280.635
cache size	: 3072 KB
physical id	: 0
siblings	: 4
core id		: 1
cpu cores	: 2
apicid		: 2
initial apicid	: 2
fpu		: yes
fpu_exception	: yes
cpuid level	: 13
wp		: yes
flags		: fpu vme de pse tsc msr pae mce cx8 apic sep mtrr pge mca cmov pat pse36 clflush dts acpi mmx fxsr sse sse2 ss ht tm pbe syscall nx rdtscp lm constant_tsc arch_perfmon pebs bts rep_good nopl xtopology nonstop_tsc cpuid aperfmperf pni pclmulqdq dtes64 monitor ds_cpl vmx est tm2 ssse3 cx16 xtpr pdcm pcid sse4_1 sse4_2 x2apic popcnt tsc_deadline_timer xsave avx f16c lahf_lm cpuid_fault epb pti ssbd ibrs ibpb stibp tpr_shadow vnmi flexpriority ept vpid fsgsbase smep erms xsaveopt dtherm arat pln pts md_clear flush_l1d
bugs		: cpu_meltdown spectre_v1 spectre_v2 spec_store_bypass l1tf mds swapgs itlb_multihit
bogomips	: 4789.02
clflush size	: 64
cache_alignment	: 64
address sizes	: 36 bits physical, 48 bits virtual
power management:

processor	: 3
vendor_id	: GenuineIntel
cpu family	: 6
model		: 58
model name	: Intel(R) Core(TM) i3-3110M CPU @ 2.40GHz
stepping	: 9
microcode	: 0x21
cpu MHz		: 1881.485
cache size	: 3072 KB
physical id	: 0
siblings	: 4
core id		: 1
cpu cores	: 2
apicid		: 3
initial apicid	: 3
fpu		: yes
fpu_exception	: yes
cpuid level	: 13
wp		: yes
flags		: fpu vme de pse tsc msr pae mce cx8 apic sep mtrr pge mca cmov pat pse36 clflush dts acpi mmx fxsr sse sse2 ss ht tm pbe syscall nx rdtscp lm constant_tsc arch_perfmon pebs bts rep_good nopl xtopology nonstop_tsc cpuid aperfmperf pni pclmulqdq dtes64 monitor ds_cpl vmx est tm2 ssse3 cx16 xtpr pdcm pcid sse4_1 sse4_2 x2apic popcnt tsc_deadline_timer xsave avx f16c lahf_lm cpuid_fault epb pti ssbd ibrs ibpb stibp tpr_shadow vnmi flexpriority ept vpid fsgsbase smep erms xsaveopt dtherm arat pln pts md_clear flush_l1d
bugs		: cpu_meltdown spectre_v1 spectre_v2 spec_store_bypass l1tf mds swapgs itlb_multihit
bogomips	: 4789.02
clflush size	: 64
cache_alignment	: 64
address sizes	: 36 bits physical, 48 bits virtual
power management:



Memory: 4k page, physical 3937656k(101080k free), swap 998396k(2732k free)

vm_info: OpenJDK 64-Bit Server VM (25.242-b08) for linux-amd64 JRE (1.8.0_242-8u242-b08-0ubuntu3~16.04-b08), built on Jan 18 2020 03:34:56 by "buildd" with gcc 5.4.0 20160609

time: Fri Apr  3 13:34:36 2020
timezone: CEST
elapsed time: 53 seconds (0d 0h 0m 53s)

